# JRE version: OpenJDK Runtime Environment (8.0_212-b04) (build 1.8.0_212-release-1586-b04)
# Java VM: OpenJDK 64-Bit Server VM (25.212-b04 mixed mode windows-amd64 compressed oops)
Heap:
 PSYoungGen      total 396800K, used 60645K [0x00000000e0000000, 0x00000000fb580000, 0x0000000100000000)
  eden space 374272K, 15% used [0x00000000e0000000,0x00000000e3751f80,0x00000000f6d80000)
  from space 22528K, 17% used [0x00000000f8d00000,0x00000000f90e7798,0x00000000fa300000)
  to   space 32256K, 0% used [0x00000000f6d80000,0x00000000f6d80000,0x00000000f8d00000)
 ParOldGen       total 80384K, used 80239K [0x00000000a0000000, 0x00000000a4e80000, 0x00000000e0000000)
  object space 80384K, 99% used [0x00000000a0000000,0x00000000a4e5be28,0x00000000a4e80000)
 Metaspace       used 110330K, capacity 114884K, committed 115224K, reserved 1148928K
  class space    used 14396K, capacity 15299K, committed 15392K, reserved 1048576K
GC Heap History (10 events):
Event: 34.173 GC heap before
{Heap before GC invocations=23 (full 3):
 PSYoungGen      total 348160K, used 342524K [0x00000000e0000000, 0x00000000f6a80000, 0x0000000100000000)
  eden space 327680K, 100% used [0x00000000e0000000,0x00000000f4000000,0x00000000f4000000)
  from space 20480K, 72% used [0x00000000f4000000,0x00000000f4e7f028,0x00000000f5400000)
  to   space 19968K, 0% used [0x00000000f5400000,0x00000000f5400000,0x00000000f6780000)
 ParOldGen       total 80384K, used 48599K [0x00000000a0000000, 0x00000000a4e80000, 0x00000000e0000000)
  object space 80384K, 60% used [0x00000000a0000000,0x00000000a2f75cd0,0x00000000a4e80000)
 Metaspace       used 86626K, capacity 90740K, committed 90904K, reserved 1128448K
  class space    used 11457K, capacity 12247K, committed 12320K, reserved 1048576K
Event: 34.194 GC heap after
Heap after GC invocations=23 (full 3):
 PSYoungGen      total 347648K, used 5898K [0x00000000e0000000, 0x00000000f6a80000, 0x0000000100000000)
  eden space 327680K, 0% used [0x00000000e0000000,0x00000000e0000000,0x00000000f4000000)
  from space 19968K, 29% used [0x00000000f5400000,0x00000000f59c2918,0x00000000f6780000)
  to   space 20480K, 0% used [0x00000000f4000000,0x00000000f4000000,0x00000000f5400000)
 ParOldGen       total 80384K, used 55066K [0x00000000a0000000, 0x00000000a4e80000, 0x00000000e0000000)
  object space 80384K, 68% used [0x00000000a0000000,0x00000000a35c6930,0x00000000a4e80000)
 Metaspace       used 86626K, capacity 90740K, committed 90904K, reserved 1128448K
  class space    used 11457K, capacity 12247K, committed 12320K, reserved 1048576K
}
Event: 84.791 GC heap before
{Heap before GC invocations=24 (full 3):
 PSYoungGen      total 347648K, used 175425K [0x00000000e0000000, 0x00000000f6a80000, 0x0000000100000000)
  eden space 327680K, 51% used [0x00000000e0000000,0x00000000ea58db70,0x00000000f4000000)
  from space 19968K, 29% used [0x00000000f5400000,0x00000000f59c2918,0x00000000f6780000)
  to   space 20480K, 0% used [0x00000000f4000000,0x00000000f4000000,0x00000000f5400000)
 ParOldGen       total 80384K, used 55066K [0x00000000a0000000, 0x00000000a4e80000, 0x00000000e0000000)
  object space 80384K, 68% used [0x00000000a0000000,0x00000000a35c6930,0x00000000a4e80000)
 Metaspace       used 94262K, capacity 98536K, committed 98584K, reserved 1134592K
  class space    used 12249K, capacity 13075K, committed 13088K, reserved 1048576K
Event: 84.832 GC heap after
Heap after GC invocations=24 (full 3):
 PSYoungGen      total 348160K, used 17284K [0x00000000e0000000, 0x00000000fa300000, 0x0000000100000000)
  eden space 327680K, 0% used [0x00000000e0000000,0x00000000e0000000,0x00000000f4000000)
  from space 20480K, 84% used [0x00000000f4000000,0x00000000f50e1258,0x00000000f5400000)
  to   space 22528K, 0% used [0x00000000f8d00000,0x00000000f8d00000,0x00000000fa300000)
 ParOldGen       total 80384K, used 56410K [0x00000000a0000000, 0x00000000a4e80000, 0x00000000e0000000)
  object space 80384K, 70% used [0x00000000a0000000,0x00000000a3716980,0x00000000a4e80000)
 Metaspace       used 94262K, capacity 98536K, committed 98584K, reserved 1134592K
  class space    used 12249K, capacity 13075K, committed 13088K, reserved 1048576K
}
Event: 84.832 GC heap before
{Heap before GC invocations=25 (full 4):
 PSYoungGen      total 348160K, used 17284K [0x00000000e0000000, 0x00000000fa300000, 0x0000000100000000)
  eden space 327680K, 0% used [0x00000000e0000000,0x00000000e0000000,0x00000000f4000000)
  from space 20480K, 84% used [0x00000000f4000000,0x00000000f50e1258,0x00000000f5400000)
  to   space 22528K, 0% used [0x00000000f8d00000,0x00000000f8d00000,0x00000000fa300000)
 ParOldGen       total 80384K, used 56410K [0x00000000a0000000, 0x00000000a4e80000, 0x00000000e0000000)
  object space 80384K, 70% used [0x00000000a0000000,0x00000000a3716980,0x00000000a4e80000)
 Metaspace       used 94262K, capacity 98536K, committed 98584K, reserved 1134592K
  class space    used 12249K, capacity 13075K, committed 13088K, reserved 1048576K
Event: 85.672 GC heap after
Heap after GC invocations=25 (full 4):
 PSYoungGen      total 348160K, used 0K [0x00000000e0000000, 0x00000000fa300000, 0x0000000100000000)
  eden space 327680K, 0% used [0x00000000e0000000,0x00000000e0000000,0x00000000f4000000)
  from space 20480K, 0% used [0x00000000f4000000,0x00000000f4000000,0x00000000f5400000)
  to   space 22528K, 0% used [0x00000000f8d00000,0x00000000f8d00000,0x00000000fa300000)
 ParOldGen       total 80384K, used 55831K [0x00000000a0000000, 0x00000000a4e80000, 0x00000000e0000000)
  object space 80384K, 69% used [0x00000000a0000000,0x00000000a3685ce8,0x00000000a4e80000)
 Metaspace       used 93986K, capacity 97768K, committed 98584K, reserved 1134592K
  class space    used 12155K, capacity 12911K, committed 13088K, reserved 1048576K
}
Event: 90.672 GC heap before
{Heap before GC invocations=26 (full 4):
 PSYoungGen      total 348160K, used 327627K [0x00000000e0000000, 0x00000000fa300000, 0x0000000100000000)
  eden space 327680K, 99% used [0x00000000e0000000,0x00000000f3ff2c58,0x00000000f4000000)
  from space 20480K, 0% used [0x00000000f4000000,0x00000000f4000000,0x00000000f5400000)
  to   space 22528K, 0% used [0x00000000f8d00000,0x00000000f8d00000,0x00000000fa300000)
 ParOldGen       total 80384K, used 55831K [0x00000000a0000000, 0x00000000a4e80000, 0x00000000e0000000)
  object space 80384K, 69% used [0x00000000a0000000,0x00000000a3685ce8,0x00000000a4e80000)
 Metaspace       used 109999K, capacity 114464K, committed 114584K, reserved 1148928K
  class space    used 14348K, capacity 15245K, committed 15264K, reserved 1048576K
Event: 90.720 GC heap after
Heap after GC invocations=26 (full 4):
 PSYoungGen      total 396800K, used 22508K [0x00000000e0000000, 0x00000000fb580000, 0x0000000100000000)
  eden space 374272K, 0% used [0x00000000e0000000,0x00000000e0000000,0x00000000f6d80000)
  from space 22528K, 99% used [0x00000000f8d00000,0x00000000fa2fb300,0x00000000fa300000)
  to   space 32256K, 0% used [0x00000000f6d80000,0x00000000f6d80000,0x00000000f8d00000)
 ParOldGen       total 80384K, used 72745K [0x00000000a0000000, 0x00000000a4e80000, 0x00000000e0000000)
  object space 80384K, 90% used [0x00000000a0000000,0x00000000a470a638,0x00000000a4e80000)
 Metaspace       used 109999K, capacity 114464K, committed 114584K, reserved 1148928K
  class space    used 14348K, capacity 15245K, committed 15264K, reserved 1048576K
}
Event: 90.720 GC heap before
{Heap before GC invocations=27 (full 5):
 PSYoungGen      total 396800K, used 22508K [0x00000000e0000000, 0x00000000fb580000, 0x0000000100000000)
  eden space 374272K, 0% used [0x00000000e0000000,0x00000000e0000000,0x00000000f6d80000)
  from space 22528K, 99% used [0x00000000f8d00000,0x00000000fa2fb300,0x00000000fa300000)
  to   space 32256K, 0% used [0x00000000f6d80000,0x00000000f6d80000,0x00000000f8d00000)
 ParOldGen       total 80384K, used 72745K [0x00000000a0000000, 0x00000000a4e80000, 0x00000000e0000000)
  object space 80384K, 90% used [0x00000000a0000000,0x00000000a470a638,0x00000000a4e80000)
 Metaspace       used 109999K, capacity 114464K, committed 114584K, reserved 1148928K
  class space    used 14348K, capacity 15245K, committed 15264K, reserved 1048576K
Event: 91.074 GC heap after
Heap after GC invocations=27 (full 5):
 PSYoungGen      total 396800K, used 3997K [0x00000000e0000000, 0x00000000fb580000, 0x0000000100000000)
  eden space 374272K, 0% used [0x00000000e0000000,0x00000000e0000000,0x00000000f6d80000)
  from space 22528K, 17% used [0x00000000f8d00000,0x00000000f90e7798,0x00000000fa300000)
  to   space 32256K, 0% used [0x00000000f6d80000,0x00000000f6d80000,0x00000000f8d00000)
 ParOldGen       total 80384K, used 80239K [0x00000000a0000000, 0x00000000a4e80000, 0x00000000e0000000)
  object space 80384K, 99% used [0x00000000a0000000,0x00000000a4e5be28,0x00000000a4e80000)
 Metaspace       used 109999K, capacity 114464K, committed 114584K, reserved 1148928K
  class space    used 14348K, capacity 15245K, committed 15264K, reserved 1048576K
}

