# JRE version: OpenJDK Runtime Environment (8.0_212-b04) (build 1.8.0_212-release-1586-b04)
# Java VM: OpenJDK 64-Bit Server VM (25.212-b04 mixed mode windows-amd64 compressed oops)
Heap:
 PSYoungGen      total 311808K, used 226506K [0x00000000e0000000, 0x00000000f6800000, 0x0000000100000000)
  eden space 282624K, 80% used [0x00000000e0000000,0x00000000edd32850,0x00000000f1400000)
  from space 29184K, 0% used [0x00000000f4b80000,0x00000000f4b80000,0x00000000f6800000)
  to   space 43008K, 0% used [0x00000000f1400000,0x00000000f1400000,0x00000000f3e00000)
 ParOldGen       total 137728K, used 55835K [0x00000000a0000000, 0x00000000a8680000, 0x00000000e0000000)
  object space 137728K, 40% used [0x00000000a0000000,0x00000000a3686f30,0x00000000a8680000)
 Metaspace       used 104278K, capacity 107974K, committed 109568K, reserved 1144832K
  class space    used 13507K, capacity 14309K, committed 14592K, reserved 1048576K
GC Heap History (10 events):
Event: 27.061 GC heap before
{Heap before GC invocations=14 (full 3):
 PSYoungGen      total 272896K, used 254464K [0x00000000e0000000, 0x00000000f2780000, 0x0000000100000000)
  eden space 254464K, 100% used [0x00000000e0000000,0x00000000ef880000,0x00000000ef880000)
  from space 18432K, 0% used [0x00000000f0e80000,0x00000000f0e80000,0x00000000f2080000)
  to   space 22528K, 0% used [0x00000000ef880000,0x00000000ef880000,0x00000000f0e80000)
 ParOldGen       total 92672K, used 35271K [0x00000000a0000000, 0x00000000a5a80000, 0x00000000e0000000)
  object space 92672K, 38% used [0x00000000a0000000,0x00000000a2271df0,0x00000000a5a80000)
 Metaspace       used 69690K, capacity 72654K, committed 72960K, reserved 1112064K
  class space    used 9520K, capacity 10120K, committed 10240K, reserved 1048576K
Event: 27.084 GC heap after
Heap after GC invocations=14 (full 3):
 PSYoungGen      total 276992K, used 22434K [0x00000000e0000000, 0x00000000f6500000, 0x0000000100000000)
  eden space 254464K, 0% used [0x00000000e0000000,0x00000000e0000000,0x00000000ef880000)
  from space 22528K, 99% used [0x00000000ef880000,0x00000000f0e68908,0x00000000f0e80000)
  to   space 26112K, 0% used [0x00000000f4b80000,0x00000000f4b80000,0x00000000f6500000)
 ParOldGen       total 92672K, used 35279K [0x00000000a0000000, 0x00000000a5a80000, 0x00000000e0000000)
  object space 92672K, 38% used [0x00000000a0000000,0x00000000a2273df0,0x00000000a5a80000)
 Metaspace       used 69690K, capacity 72654K, committed 72960K, reserved 1112064K
  class space    used 9520K, capacity 10120K, committed 10240K, reserved 1048576K
}
Event: 30.085 GC heap before
{Heap before GC invocations=15 (full 3):
 PSYoungGen      total 276992K, used 276898K [0x00000000e0000000, 0x00000000f6500000, 0x0000000100000000)
  eden space 254464K, 100% used [0x00000000e0000000,0x00000000ef880000,0x00000000ef880000)
  from space 22528K, 99% used [0x00000000ef880000,0x00000000f0e68908,0x00000000f0e80000)
  to   space 26112K, 0% used [0x00000000f4b80000,0x00000000f4b80000,0x00000000f6500000)
 ParOldGen       total 92672K, used 35279K [0x00000000a0000000, 0x00000000a5a80000, 0x00000000e0000000)
  object space 92672K, 38% used [0x00000000a0000000,0x00000000a2273df0,0x00000000a5a80000)
 Metaspace       used 71414K, capacity 74256K, committed 74496K, reserved 1114112K
  class space    used 9625K, capacity 10213K, committed 10240K, reserved 1048576K
Event: 30.115 GC heap after
Heap after GC invocations=15 (full 3):
 PSYoungGen      total 333824K, used 26092K [0x00000000e0000000, 0x00000000f6f80000, 0x0000000100000000)
  eden space 307712K, 0% used [0x00000000e0000000,0x00000000e0000000,0x00000000f2c80000)
  from space 26112K, 99% used [0x00000000f4b80000,0x00000000f64fb0b0,0x00000000f6500000)
  to   space 31744K, 0% used [0x00000000f2c80000,0x00000000f2c80000,0x00000000f4b80000)
 ParOldGen       total 92672K, used 38686K [0x00000000a0000000, 0x00000000a5a80000, 0x00000000e0000000)
  object space 92672K, 41% used [0x00000000a0000000,0x00000000a25c78a8,0x00000000a5a80000)
 Metaspace       used 71414K, capacity 74256K, committed 74496K, reserved 1114112K
  class space    used 9625K, capacity 10213K, committed 10240K, reserved 1048576K
}
Event: 7251.299 GC heap before
{Heap before GC invocations=16 (full 3):
 PSYoungGen      total 333824K, used 333804K [0x00000000e0000000, 0x00000000f6f80000, 0x0000000100000000)
  eden space 307712K, 100% used [0x00000000e0000000,0x00000000f2c80000,0x00000000f2c80000)
  from space 26112K, 99% used [0x00000000f4b80000,0x00000000f64fb0b0,0x00000000f6500000)
  to   space 31744K, 0% used [0x00000000f2c80000,0x00000000f2c80000,0x00000000f4b80000)
 ParOldGen       total 92672K, used 38686K [0x00000000a0000000, 0x00000000a5a80000, 0x00000000e0000000)
  object space 92672K, 41% used [0x00000000a0000000,0x00000000a25c78a8,0x00000000a5a80000)
 Metaspace       used 85725K, capacity 89654K, committed 89984K, reserved 1126400K
  class space    used 11209K, capacity 12070K, committed 12160K, reserved 1048576K
Event: 7252.404 GC heap after
Heap after GC invocations=16 (full 3):
 PSYoungGen      total 326656K, used 31725K [0x00000000e0000000, 0x00000000f7700000, 0x0000000100000000)
  eden space 294912K, 0% used [0x00000000e0000000,0x00000000e0000000,0x00000000f2000000)
  from space 31744K, 99% used [0x00000000f2c80000,0x00000000f4b7b5d0,0x00000000f4b80000)
  to   space 44544K, 0% used [0x00000000f4b80000,0x00000000f4b80000,0x00000000f7700000)
 ParOldGen       total 92672K, used 59607K [0x00000000a0000000, 0x00000000a5a80000, 0x00000000e0000000)
  object space 92672K, 64% used [0x00000000a0000000,0x00000000a3a35d08,0x00000000a5a80000)
 Metaspace       used 85725K, capacity 89654K, committed 89984K, reserved 1126400K
  class space    used 11209K, capacity 12070K, committed 12160K, reserved 1048576K
}
Event: 7257.567 GC heap before
{Heap before GC invocations=17 (full 3):
 PSYoungGen      total 326656K, used 229885K [0x00000000e0000000, 0x00000000f7700000, 0x0000000100000000)
  eden space 294912K, 67% used [0x00000000e0000000,0x00000000ec184088,0x00000000f2000000)
  from space 31744K, 99% used [0x00000000f2c80000,0x00000000f4b7b5d0,0x00000000f4b80000)
  to   space 44544K, 0% used [0x00000000f4b80000,0x00000000f4b80000,0x00000000f7700000)
 ParOldGen       total 92672K, used 59607K [0x00000000a0000000, 0x00000000a5a80000, 0x00000000e0000000)
  object space 92672K, 64% used [0x00000000a0000000,0x00000000a3a35d08,0x00000000a5a80000)
 Metaspace       used 94160K, capacity 98460K, committed 98560K, reserved 1134592K
  class space    used 12536K, capacity 13417K, committed 13440K, reserved 1048576K
Event: 7257.626 GC heap after
Heap after GC invocations=17 (full 3):
 PSYoungGen      total 311808K, used 19771K [0x00000000e0000000, 0x00000000f6800000, 0x0000000100000000)
  eden space 282624K, 0% used [0x00000000e0000000,0x00000000e0000000,0x00000000f1400000)
  from space 29184K, 67% used [0x00000000f4b80000,0x00000000f5eced20,0x00000000f6800000)
  to   space 43008K, 0% used [0x00000000f1400000,0x00000000f1400000,0x00000000f3e00000)
 ParOldGen       total 92672K, used 69578K [0x00000000a0000000, 0x00000000a5a80000, 0x00000000e0000000)
  object space 92672K, 75% used [0x00000000a0000000,0x00000000a43f28f0,0x00000000a5a80000)
 Metaspace       used 94160K, capacity 98460K, committed 98560K, reserved 1134592K
  class space    used 12536K, capacity 13417K, committed 13440K, reserved 1048576K
}
Event: 7257.626 GC heap before
{Heap before GC invocations=18 (full 4):
 PSYoungGen      total 311808K, used 19771K [0x00000000e0000000, 0x00000000f6800000, 0x0000000100000000)
  eden space 282624K, 0% used [0x00000000e0000000,0x00000000e0000000,0x00000000f1400000)
  from space 29184K, 67% used [0x00000000f4b80000,0x00000000f5eced20,0x00000000f6800000)
  to   space 43008K, 0% used [0x00000000f1400000,0x00000000f1400000,0x00000000f3e00000)
 ParOldGen       total 92672K, used 69578K [0x00000000a0000000, 0x00000000a5a80000, 0x00000000e0000000)
  object space 92672K, 75% used [0x00000000a0000000,0x00000000a43f28f0,0x00000000a5a80000)
 Metaspace       used 94160K, capacity 98460K, committed 98560K, reserved 1134592K
  class space    used 12536K, capacity 13417K, committed 13440K, reserved 1048576K
Event: 7258.576 GC heap after
Heap after GC invocations=18 (full 4):
 PSYoungGen      total 311808K, used 0K [0x00000000e0000000, 0x00000000f6800000, 0x0000000100000000)
  eden space 282624K, 0% used [0x00000000e0000000,0x00000000e0000000,0x00000000f1400000)
  from space 29184K, 0% used [0x00000000f4b80000,0x00000000f4b80000,0x00000000f6800000)
  to   space 43008K, 0% used [0x00000000f1400000,0x00000000f1400000,0x00000000f3e00000)
 ParOldGen       total 137728K, used 55835K [0x00000000a0000000, 0x00000000a8680000, 0x00000000e0000000)
  object space 137728K, 40% used [0x00000000a0000000,0x00000000a3686f30,0x00000000a8680000)
 Metaspace       used 92932K, capacity 96136K, committed 98560K, reserved 1134592K
  class space    used 12285K, capacity 12964K, committed 13440K, reserved 1048576K
}

