# JRE version: OpenJDK Runtime Environment (8.0_212-b04) (build 1.8.0_212-release-1586-b04)
# Java VM: OpenJDK 64-Bit Server VM (25.212-b04 mixed mode windows-amd64 compressed oops)
Heap:
 PSYoungGen      total 56320K, used 6712K [0x00000000eaf80000, 0x00000000eff80000, 0x0000000100000000)
  eden space 48128K, 15% used [0x00000000eaf80000,0x00000000eb6f9f90,0x00000000ede80000)
  from space 8192K, 0% used [0x00000000ef780000,0x00000000ef780000,0x00000000eff80000)
  to   space 8704K, 0% used [0x00000000eee80000,0x00000000eee80000,0x00000000ef700000)
 ParOldGen       total 39424K, used 14904K [0x00000000c0e00000, 0x00000000c3480000, 0x00000000eaf80000)
  object space 39424K, 37% used [0x00000000c0e00000,0x00000000c1c8e3e0,0x00000000c3480000)
 Metaspace       used 35773K, capacity 36305K, committed 36864K, reserved 1081344K
  class space    used 4616K, capacity 4751K, committed 4864K, reserved 1048576K
GC Heap History (10 events):
Event: 2.244 GC heap before
{Heap before GC invocations=6 (full 1):
 PSYoungGen      total 35328K, used 2532K [0x00000000eaf80000, 0x00000000eff80000, 0x0000000100000000)
  eden space 32768K, 0% used [0x00000000eaf80000,0x00000000eaf80000,0x00000000ecf80000)
  from space 2560K, 98% used [0x00000000ecf80000,0x00000000ed1f9020,0x00000000ed200000)
  to   space 8192K, 0% used [0x00000000ef780000,0x00000000ef780000,0x00000000eff80000)
 ParOldGen       total 44032K, used 15389K [0x00000000c0e00000, 0x00000000c3900000, 0x00000000eaf80000)
  object space 44032K, 34% used [0x00000000c0e00000,0x00000000c1d07548,0x00000000c3900000)
 Metaspace       used 20719K, capacity 21110K, committed 21296K, reserved 1069056K
  class space    used 2462K, capacity 2597K, committed 2688K, reserved 1048576K
Event: 2.279 GC heap after
Heap after GC invocations=6 (full 1):
 PSYoungGen      total 35328K, used 0K [0x00000000eaf80000, 0x00000000eff80000, 0x0000000100000000)
  eden space 32768K, 0% used [0x00000000eaf80000,0x00000000eaf80000,0x00000000ecf80000)
  from space 2560K, 0% used [0x00000000ecf80000,0x00000000ecf80000,0x00000000ed200000)
  to   space 8192K, 0% used [0x00000000ef780000,0x00000000ef780000,0x00000000eff80000)
 ParOldGen       total 39424K, used 8773K [0x00000000c0e00000, 0x00000000c3480000, 0x00000000eaf80000)
  object space 39424K, 22% used [0x00000000c0e00000,0x00000000c1691680,0x00000000c3480000)
 Metaspace       used 20719K, capacity 21110K, committed 21296K, reserved 1069056K
  class space    used 2462K, capacity 2597K, committed 2688K, reserved 1048576K
}
Event: 3.314 GC heap before
{Heap before GC invocations=7 (full 1):
 PSYoungGen      total 35328K, used 32768K [0x00000000eaf80000, 0x00000000eff80000, 0x0000000100000000)
  eden space 32768K, 100% used [0x00000000eaf80000,0x00000000ecf80000,0x00000000ecf80000)
  from space 2560K, 0% used [0x00000000ecf80000,0x00000000ecf80000,0x00000000ed200000)
  to   space 8192K, 0% used [0x00000000ef780000,0x00000000ef780000,0x00000000eff80000)
 ParOldGen       total 39424K, used 8773K [0x00000000c0e00000, 0x00000000c3480000, 0x00000000eaf80000)
  object space 39424K, 22% used [0x00000000c0e00000,0x00000000c1691680,0x00000000c3480000)
 Metaspace       used 24394K, capacity 24812K, committed 25216K, reserved 1071104K
  class space    used 2922K, capacity 3082K, committed 3200K, reserved 1048576K
Event: 3.323 GC heap after
Heap after GC invocations=7 (full 1):
 PSYoungGen      total 56320K, used 7814K [0x00000000eaf80000, 0x00000000eff80000, 0x0000000100000000)
  eden space 48128K, 0% used [0x00000000eaf80000,0x00000000eaf80000,0x00000000ede80000)
  from space 8192K, 95% used [0x00000000ef780000,0x00000000eff21a70,0x00000000eff80000)
  to   space 8704K, 0% used [0x00000000eee80000,0x00000000eee80000,0x00000000ef700000)
 ParOldGen       total 39424K, used 8781K [0x00000000c0e00000, 0x00000000c3480000, 0x00000000eaf80000)
  object space 39424K, 22% used [0x00000000c0e00000,0x00000000c1693680,0x00000000c3480000)
 Metaspace       used 24394K, capacity 24812K, committed 25216K, reserved 1071104K
  class space    used 2922K, capacity 3082K, committed 3200K, reserved 1048576K
}
Event: 4.463 GC heap before
{Heap before GC invocations=8 (full 1):
 PSYoungGen      total 56320K, used 55942K [0x00000000eaf80000, 0x00000000eff80000, 0x0000000100000000)
  eden space 48128K, 100% used [0x00000000eaf80000,0x00000000ede80000,0x00000000ede80000)
  from space 8192K, 95% used [0x00000000ef780000,0x00000000eff21a70,0x00000000eff80000)
  to   space 8704K, 0% used [0x00000000eee80000,0x00000000eee80000,0x00000000ef700000)
 ParOldGen       total 39424K, used 8781K [0x00000000c0e00000, 0x00000000c3480000, 0x00000000eaf80000)
  object space 39424K, 22% used [0x00000000c0e00000,0x00000000c1693680,0x00000000c3480000)
 Metaspace       used 33554K, capacity 34033K, committed 34432K, reserved 1079296K
  class space    used 4335K, capacity 4473K, committed 4480K, reserved 1048576K
Event: 4.476 GC heap after
Heap after GC invocations=8 (full 1):
 PSYoungGen      total 56832K, used 8692K [0x00000000eaf80000, 0x00000000eff80000, 0x0000000100000000)
  eden space 48128K, 0% used [0x00000000eaf80000,0x00000000eaf80000,0x00000000ede80000)
  from space 8704K, 99% used [0x00000000eee80000,0x00000000ef6fd308,0x00000000ef700000)
  to   space 8192K, 0% used [0x00000000ef780000,0x00000000ef780000,0x00000000eff80000)
 ParOldGen       total 39424K, used 17416K [0x00000000c0e00000, 0x00000000c3480000, 0x00000000eaf80000)
  object space 39424K, 44% used [0x00000000c0e00000,0x00000000c1f02020,0x00000000c3480000)
 Metaspace       used 33554K, capacity 34033K, committed 34432K, reserved 1079296K
  class space    used 4335K, capacity 4473K, committed 4480K, reserved 1048576K
}
Event: 4.591 GC heap before
{Heap before GC invocations=9 (full 1):
 PSYoungGen      total 56832K, used 13501K [0x00000000eaf80000, 0x00000000eff80000, 0x0000000100000000)
  eden space 48128K, 9% used [0x00000000eaf80000,0x00000000eb4321a0,0x00000000ede80000)
  from space 8704K, 99% used [0x00000000eee80000,0x00000000ef6fd308,0x00000000ef700000)
  to   space 8192K, 0% used [0x00000000ef780000,0x00000000ef780000,0x00000000eff80000)
 ParOldGen       total 39424K, used 17416K [0x00000000c0e00000, 0x00000000c3480000, 0x00000000eaf80000)
  object space 39424K, 44% used [0x00000000c0e00000,0x00000000c1f02020,0x00000000c3480000)
 Metaspace       used 34618K, capacity 35149K, committed 35456K, reserved 1079296K
  class space    used 4470K, capacity 4621K, committed 4736K, reserved 1048576K
Event: 4.599 GC heap after
Heap after GC invocations=9 (full 1):
 PSYoungGen      total 56320K, used 8171K [0x00000000eaf80000, 0x00000000eff80000, 0x0000000100000000)
  eden space 48128K, 0% used [0x00000000eaf80000,0x00000000eaf80000,0x00000000ede80000)
  from space 8192K, 99% used [0x00000000ef780000,0x00000000eff7adc8,0x00000000eff80000)
  to   space 8704K, 0% used [0x00000000eee80000,0x00000000eee80000,0x00000000ef700000)
 ParOldGen       total 39424K, used 18671K [0x00000000c0e00000, 0x00000000c3480000, 0x00000000eaf80000)
  object space 39424K, 47% used [0x00000000c0e00000,0x00000000c203be18,0x00000000c3480000)
 Metaspace       used 34618K, capacity 35149K, committed 35456K, reserved 1079296K
  class space    used 4470K, capacity 4621K, committed 4736K, reserved 1048576K
}
Event: 4.599 GC heap before
{Heap before GC invocations=10 (full 2):
 PSYoungGen      total 56320K, used 8171K [0x00000000eaf80000, 0x00000000eff80000, 0x0000000100000000)
  eden space 48128K, 0% used [0x00000000eaf80000,0x00000000eaf80000,0x00000000ede80000)
  from space 8192K, 99% used [0x00000000ef780000,0x00000000eff7adc8,0x00000000eff80000)
  to   space 8704K, 0% used [0x00000000eee80000,0x00000000eee80000,0x00000000ef700000)
 ParOldGen       total 39424K, used 18671K [0x00000000c0e00000, 0x00000000c3480000, 0x00000000eaf80000)
  object space 39424K, 47% used [0x00000000c0e00000,0x00000000c203be18,0x00000000c3480000)
 Metaspace       used 34618K, capacity 35149K, committed 35456K, reserved 1079296K
  class space    used 4470K, capacity 4621K, committed 4736K, reserved 1048576K
Event: 4.657 GC heap after
Heap after GC invocations=10 (full 2):
 PSYoungGen      total 56320K, used 0K [0x00000000eaf80000, 0x00000000eff80000, 0x0000000100000000)
  eden space 48128K, 0% used [0x00000000eaf80000,0x00000000eaf80000,0x00000000ede80000)
  from space 8192K, 0% used [0x00000000ef780000,0x00000000ef780000,0x00000000eff80000)
  to   space 8704K, 0% used [0x00000000eee80000,0x00000000eee80000,0x00000000ef700000)
 ParOldGen       total 39424K, used 14904K [0x00000000c0e00000, 0x00000000c3480000, 0x00000000eaf80000)
  object space 39424K, 37% used [0x00000000c0e00000,0x00000000c1c8e3e0,0x00000000c3480000)
 Metaspace       used 34618K, capacity 35149K, committed 35456K, reserved 1079296K
  class space    used 4470K, capacity 4621K, committed 4736K, reserved 1048576K
}

